2025-08-28T09:35:31: 
2025-08-28T09:35:31: > tbm@0.1.0 start
2025-08-28T09:35:31: > next start --port 3333
2025-08-28T09:35:31: 
2025-08-28T09:35:31:    ▲ Next.js 15.5.2
2025-08-28T09:35:31:    - Local:        http://localhost:3333
2025-08-28T09:35:31:    - Network:      http://66.45.226.163:3333
2025-08-28T09:35:31: 
2025-08-28T09:35:31:  ✓ Starting...
2025-08-28T09:35:32:  ✓ Ready in 1196ms
2025-08-28T09:37:23: 
> tbm@0.1.0 start
> next start --port 3333

2025-08-28T10:03:26: 
> tbm@0.1.0 start
> next start --port 3333

2025-08-28T10:03:27: 2025-08-28T10:03:27: 
> tbm@0.1.0 start
> next start --port 3333

2025-08-28T10:03:28: 2025-08-28T10:03:29: 
> tbm@0.1.0 start
> next start --port 3333

2025-08-28T10:03:30: 2025-08-28T10:03:30: 
> tbm@0.1.0 start
> next start --port 3333

2025-08-28T10:03:31: 2025-08-28T10:03:31: 
> tbm@0.1.0 start
> next start --port 3333

2025-08-28T10:03:32: 2025-08-28T10:03:32: 
> tbm@0.1.0 start
> next start --port 3333

2025-08-28T10:03:33: 2025-08-28T10:03:34: 
> tbm@0.1.0 start
> next start --port 3333

2025-08-28T10:03:34: 2025-08-28T10:03:35: 
> tbm@0.1.0 start
> next start --port 3333

2025-08-28T10:03:36: 2025-08-28T10:03:36: 
> tbm@0.1.0 start
> next start --port 3333

2025-08-28T10:03:37: 2025-08-28T10:03:38: 
> tbm@0.1.0 start
> next start --port 3333

2025-08-28T10:03:39: 2025-08-28T10:03:39: 
> tbm@0.1.0 start
> next start --port 3333

2025-08-28T10:03:40: 2025-08-28T10:03:41: 
> tbm@0.1.0 start
> next start --port 3333

2025-08-28T10:03:42: 2025-08-28T10:03:43: 
> tbm@0.1.0 start
> next start --port 3333

2025-08-28T10:03:44: 2025-08-28T10:03:45: 
> tbm@0.1.0 start
> next start --port 3333

2025-08-28T10:03:46: 2025-08-28T10:03:46: 
> tbm@0.1.0 start
> next start --port 3333

2025-08-28T10:03:47: 2025-08-28T10:03:48: 
> tbm@0.1.0 start
> next start --port 3333

2025-08-28T10:03:48: 2025-08-28T10:03:49: 
> tbm@0.1.0 start
> next start --port 3333

2025-08-28T10:03:49: 2025-08-28T10:03:50: 
> tbm@0.1.0 start
> next start --port 3333

2025-08-28T10:03:51: 2025-08-28T10:03:52: 
> tbm@0.1.0 start
> next start --port 3333

2025-08-28T10:03:52: 2025-08-28T10:03:53: 
> tbm@0.1.0 start
> next start --port 3333

2025-08-28T10:03:53: 2025-08-28T10:03:54: 
> tbm@0.1.0 start
> next start --port 3333

2025-08-28T10:03:55: 2025-08-28T10:03:55: 
> tbm@0.1.0 start
> next start --port 3333

2025-08-28T10:03:56: 2025-08-28T10:03:57: 
> tbm@0.1.0 start
> next start --port 3333

2025-08-28T10:03:58: 2025-08-28T10:03:58: 
> tbm@0.1.0 start
> next start --port 3333

2025-08-28T10:03:59: 2025-08-28T10:04:00: 
> tbm@0.1.0 start
> next start --port 3333

2025-08-28T10:04:01: 2025-08-28T10:04:01: 
> tbm@0.1.0 start
> next start --port 3333

2025-08-28T10:04:02: 2025-08-28T10:04:03: 
> tbm@0.1.0 start
> next start --port 3333

2025-08-28T10:04:04: 2025-08-28T10:04:04: 
> tbm@0.1.0 start
> next start --port 3333

2025-08-28T10:04:05: 2025-08-28T10:04:06: 
> tbm@0.1.0 start
> next start --port 3333

2025-08-28T10:04:06: 2025-08-28T10:04:07: 
> tbm@0.1.0 start
> next start --port 3333

2025-08-28T10:04:08: 2025-08-28T10:04:08: 
> tbm@0.1.0 start
> next start --port 3333

2025-08-28T10:04:09: 2025-08-28T10:04:10: 
> tbm@0.1.0 start
> next start --port 3333

2025-08-28T10:04:10: 2025-08-28T10:04:11: 
> tbm@0.1.0 start
> next start --port 3333

2025-08-28T10:04:12: 2025-08-28T10:04:13: 
> tbm@0.1.0 start
> next start --port 3333

2025-08-28T10:04:14: 2025-08-28T10:04:14: 
> tbm@0.1.0 start
> next start --port 3333

2025-08-28T10:04:15: 2025-08-28T10:04:16: 
> tbm@0.1.0 start
> next start --port 3333

2025-08-28T10:04:17: 2025-08-28T10:04:17: 
> tbm@0.1.0 start
> next start --port 3333

2025-08-28T10:04:18: 2025-08-28T10:04:19: 
> tbm@0.1.0 start
> next start --port 3333

2025-08-28T10:04:19: 2025-08-28T10:04:20: 
> tbm@0.1.0 start
> next start --port 3333

2025-08-28T10:04:21: 2025-08-28T10:04:21: 
> tbm@0.1.0 start
> next start --port 3333

2025-08-28T10:04:22: 2025-08-28T10:04:22: 
> tbm@0.1.0 start
> next start --port 3333

2025-08-28T10:04:23: 2025-08-28T10:04:24: 
> tbm@0.1.0 start
> next start --port 3333

2025-08-28T10:04:24: 2025-08-28T10:04:25: 
> tbm@0.1.0 start
> next start --port 3333

2025-08-28T10:04:26: 2025-08-28T10:04:27: 
> tbm@0.1.0 start
> next start --port 3333

2025-08-28T10:04:27: 2025-08-28T10:04:28: 
> tbm@0.1.0 start
> next start --port 3333

2025-08-28T10:04:29: 2025-08-28T10:04:29: 
> tbm@0.1.0 start
> next start --port 3333

2025-08-28T10:04:30: 2025-08-28T10:04:30: 
> tbm@0.1.0 start
> next start --port 3333

2025-08-28T10:04:31: 2025-08-28T10:04:32: 
> tbm@0.1.0 start
> next start --port 3333

2025-08-28T10:04:33: 2025-08-28T10:04:33: 
> tbm@0.1.0 start
> next start --port 3333

2025-08-28T10:04:34: 2025-08-28T10:04:34: 
> tbm@0.1.0 start
> next start --port 3333

2025-08-28T10:04:34: 2025-08-28T10:04:35: 
> tbm@0.1.0 start
> next start --port 3333

2025-08-28T10:04:35: 2025-08-28T10:04:35: 
> tbm@0.1.0 start
> next start --port 3333

2025-08-28T10:04:36: 2025-08-28T10:04:36: 
> tbm@0.1.0 start
> next start --port 3333

2025-08-28T10:04:37: 2025-08-28T10:04:37: 
> tbm@0.1.0 start
> next start --port 3333

2025-08-28T10:04:37: 2025-08-28T10:04:38: 
> tbm@0.1.0 start
> next start --port 3333

2025-08-28T10:04:38: 2025-08-28T10:04:39: 
> tbm@0.1.0 start
> next start --port 3333

2025-08-28T10:04:39: 2025-08-28T10:04:39: 
> tbm@0.1.0 start
> next start --port 3333

2025-08-28T10:04:40: 2025-08-28T10:04:40: 
> tbm@0.1.0 start
> next start --port 3333

2025-08-28T10:04:40: 2025-08-28T10:04:41: 
> tbm@0.1.0 start
> next start --port 3333

2025-08-28T10:04:41: 2025-08-28T10:04:41: 
> tbm@0.1.0 start
> next start --port 3333

2025-08-28T10:04:42: 2025-08-28T10:04:42: 
> tbm@0.1.0 start
> next start --port 3333

2025-08-28T10:04:43: 2025-08-28T10:04:43: 
> tbm@0.1.0 start
> next start --port 3333

2025-08-28T10:04:43: 2025-08-28T10:04:44: 
> tbm@0.1.0 start
> next start --port 3333

2025-08-28T10:04:44: 2025-08-28T10:04:45: 
> tbm@0.1.0 start
> next start --port 3333

2025-08-28T10:06:11: 
> tbm@0.1.0 start
> next start --port 3333

2025-08-28T10:17:57: 
> tbm@0.1.0 start
> next start --port 3333

